\BOOKMARK [1][-]{section.1}{\376\377\000I\000n\000t\000r\000o\000d\000u\000c\000t\000i\000o\000n}{}% 1
\BOOKMARK [1][-]{section.2}{\376\377\000D\000e\000s\000i\000g\000n}{}% 2
\BOOKMARK [2][-]{subsection.2.1}{\376\377\000C\000o\000n\000t\000r\000o\000l\000l\000e\000r\000\040\000D\000e\000s\000i\000g\000n}{section.2}% 3
\BOOKMARK [3][-]{subsubsection.2.1.1}{\376\377\000U\000n\000c\000o\000n\000s\000t\000r\000a\000i\000n\000e\000d}{subsection.2.1}% 4
\BOOKMARK [3][-]{subsubsection.2.1.2}{\376\377\000C\000o\000n\000s\000t\000r\000a\000i\000n\000e\000d}{subsection.2.1}% 5
\BOOKMARK [3][-]{subsubsection.2.1.3}{\376\377\000D\000i\000s\000t\000u\000r\000b\000a\000n\000c\000e\000\040\000R\000e\000j\000e\000c\000t\000i\000o\000n}{subsection.2.1}% 6
\BOOKMARK [2][-]{subsection.2.2}{\376\377\000E\000x\000p\000e\000r\000i\000m\000e\000n\000t\000\040\000S\000e\000t\000u\000p}{section.2}% 7
\BOOKMARK [1][-]{section.3}{\376\377\000R\000e\000s\000u\000l\000t\000s}{}% 8
\BOOKMARK [1][-]{section.4}{\376\377\000A\000n\000a\000l\000y\000s\000i\000s\000\040\000\046\000\040\000D\000i\000s\000c\000u\000s\000s\000i\000o\000n}{}% 9
\BOOKMARK [1][-]{section.5}{\376\377\000C\000o\000n\000c\000l\000u\000s\000i\000o\000n}{}% 10
\BOOKMARK [1][-]{section.6}{\376\377\000E\000a\000s\000e\000\040\000o\000f\000\040\000U\000s\000e}{}% 11
\BOOKMARK [2][-]{subsection.6.1}{\376\377\000M\000a\000i\000n\000t\000a\000i\000n\000i\000n\000g\000\040\000t\000h\000e\000\040\000I\000n\000t\000e\000g\000r\000i\000t\000y\000\040\000o\000f\000\040\000t\000h\000e\000\040\000S\000p\000e\000c\000i\000f\000i\000c\000a\000t\000i\000o\000n\000s}{section.6}% 12
\BOOKMARK [1][-]{section.7}{\376\377\000P\000r\000e\000p\000a\000r\000e\000\040\000Y\000o\000u\000r\000\040\000P\000a\000p\000e\000r\000\040\000B\000e\000f\000o\000r\000e\000\040\000S\000t\000y\000l\000i\000n\000g}{}% 13
\BOOKMARK [2][-]{subsection.7.1}{\376\377\000A\000b\000b\000r\000e\000v\000i\000a\000t\000i\000o\000n\000s\000\040\000a\000n\000d\000\040\000A\000c\000r\000o\000n\000y\000m\000s}{section.7}% 14
\BOOKMARK [2][-]{subsection.7.2}{\376\377\000U\000n\000i\000t\000s}{section.7}% 15
\BOOKMARK [2][-]{subsection.7.3}{\376\377\000E\000q\000u\000a\000t\000i\000o\000n\000s}{section.7}% 16
\BOOKMARK [2][-]{subsection.7.4}{\376\377\000L\000a\000T\000e\000X\000-\000S\000p\000e\000c\000i\000f\000i\000c\000\040\000A\000d\000v\000i\000c\000e}{section.7}% 17
\BOOKMARK [2][-]{subsection.7.5}{\376\377\000S\000o\000m\000e\000\040\000C\000o\000m\000m\000o\000n\000\040\000M\000i\000s\000t\000a\000k\000e\000s}{section.7}% 18
\BOOKMARK [2][-]{subsection.7.6}{\376\377\000A\000u\000t\000h\000o\000r\000s\000\040\000a\000n\000d\000\040\000A\000f\000f\000i\000l\000i\000a\000t\000i\000o\000n\000s}{section.7}% 19
\BOOKMARK [2][-]{subsection.7.7}{\376\377\000I\000d\000e\000n\000t\000i\000f\000y\000\040\000t\000h\000e\000\040\000H\000e\000a\000d\000i\000n\000g\000s}{section.7}% 20
\BOOKMARK [2][-]{subsection.7.8}{\376\377\000F\000i\000g\000u\000r\000e\000s\000\040\000a\000n\000d\000\040\000T\000a\000b\000l\000e\000s}{section.7}% 21
